<?xml version="1.0" encoding="UTF-8"?>
<testsuites name="SEF Test Suite-1" time="41.706" tests="2" failures="0" errors="0">
   <testsuite name="SEF Test Suite-1" tests="2" failures="0" errors="0" time="41.706" timestamp="2020-11-30 16:07:25" hostname="KanakaDwaraKanath - DWARAKANATHPC10.usc.ao.dcn" id="Test Suites/SEF Test Suite-1">
      <properties>
[...]
</properties>
      <testcase name="Test Cases/Negative Scenario- Login Page Test Case" time="13.541" classname="Test Cases/Negative Scenario- Login Page Test Case" status="PASSED">
         <system-out><![CDATA[2020-11-30 16:07:25 - [TEST_CASE][PASSED] - Test Cases/Negative Scenario- Login Page Test Case: Test Cases/Negative Scenario- Login Page Test Case

2020-11-30 16:07:25 - [TEST_STEP][PASSED] - openBrowser("http://sefdev.jdc.ao.dcn:8181/sef/#/login"): Browser is opened with url: 'http://sefdev.jdc.ao.dcn:8181/sef/#/login'

2020-11-30 16:07:26 - [MESSAGE][INFO] - Starting 'Chrome' driver

2020-11-30 16:07:26 - [MESSAGE][INFO] - User set preference: ['useAutomationExtension', 'false']

2020-11-30 16:07:26 - [MESSAGE][INFO] - Action delay is set to 0 milliseconds

2020-11-30 16:07:34 - [MESSAGE][PASSED] - Browser is opened with url: 'http://sefdev.jdc.ao.dcn:8181/sef/#/login'

2020-11-30 16:07:34 - [TEST_STEP][PASSED] - setText(findTestObject("Login Page/UserIDTextbox"), "test"): Text 'test' is set on object 'Object Repository/Login Page/UserIDTextbox'

2020-11-30 16:07:34 - [MESSAGE][PASSED] - Text 'test' is set on object 'Object Repository/Login Page/UserIDTextbox'

2020-11-30 16:07:34 - [TEST_STEP][PASSED] - click(findTestObject("Login Page/ClearButton")): Object: 'Object Repository/Login Page/ClearButton' is clicked on

2020-11-30 16:07:35 - [MESSAGE][PASSED] - Object: 'Object Repository/Login Page/ClearButton' is clicked on

2020-11-30 16:07:35 - [TEST_STEP][PASSED] - setText(findTestObject("Login Page/UserIDTextbox"), "TEST"): Text 'TEST' is set on object 'Object Repository/Login Page/UserIDTextbox'

2020-11-30 16:07:35 - [MESSAGE][PASSED] - Text 'TEST' is set on object 'Object Repository/Login Page/UserIDTextbox'

2020-11-30 16:07:35 - [TEST_STEP][PASSED] - setText(findTestObject("Login Page/PasswordTextbox"), "testing"): Text 'testing' is set on object 'Object Repository/Login Page/PasswordTextbox'

2020-11-30 16:07:35 - [MESSAGE][PASSED] - Text 'testing' is set on object 'Object Repository/Login Page/PasswordTextbox'

2020-11-30 16:07:36 - [TEST_STEP][PASSED] - click(findTestObject("Login Page/ClearButton")): Object: 'Object Repository/Login Page/ClearButton' is clicked on

2020-11-30 16:07:36 - [MESSAGE][PASSED] - Object: 'Object Repository/Login Page/ClearButton' is clicked on

2020-11-30 16:07:36 - [TEST_STEP][PASSED] - setText(findTestObject("Login Page/UserIDTextbox"), "TEST"): Text 'TEST' is set on object 'Object Repository/Login Page/UserIDTextbox'

2020-11-30 16:07:36 - [MESSAGE][PASSED] - Text 'TEST' is set on object 'Object Repository/Login Page/UserIDTextbox'

2020-11-30 16:07:36 - [TEST_STEP][PASSED] - setText(findTestObject("Login Page/PasswordTextbox"), "testing"): Text 'testing' is set on object 'Object Repository/Login Page/PasswordTextbox'

2020-11-30 16:07:36 - [MESSAGE][PASSED] - Text 'testing' is set on object 'Object Repository/Login Page/PasswordTextbox'

2020-11-30 16:07:36 - [TEST_STEP][PASSED] - click(findTestObject("Login Page/LoginButton")): Object: 'Object Repository/Login Page/LoginButton' is clicked on

2020-11-30 16:07:37 - [MESSAGE][PASSED] - Object: 'Object Repository/Login Page/LoginButton' is clicked on

2020-11-30 16:07:37 - [TEST_STEP][PASSED] - verifyTextPresent("You entered invalid credentials. Please try again. If you forgot your password, please contact: CourtForms@ao.uscourts.gov", false): Text 'You entered invalid credentials. Please try again. If you forgot your password, please contact: CourtForms@ao.uscourts.gov' is present on page 

2020-11-30 16:07:37 - [MESSAGE][PASSED] - Text 'You entered invalid credentials. Please try again. If you forgot your password, please contact: CourtForms@ao.uscourts.gov' is present on page 

2020-11-30 16:07:37 - [TEST_STEP][PASSED] - waitForPageLoad(10): Wait for page load successfully

2020-11-30 16:07:37 - [MESSAGE][PASSED] - Wait for page load successfully

2020-11-30 16:07:37 - [TEST_STEP][PASSED] - takeScreenshot("C:/Katalon/KatalonGitTestRepo1/Reports/Screenshots/LoginPageErrorMessage.png"): Taking screenshot successfully

2020-11-30 16:07:37 - [MESSAGE][PASSED] - Taking screenshot successfully
[[ATTACHMENT|C:\\Katalon\\KatalonGitTestRepo1\\Reports\\20201130_160720\\SEF Test Suite-1\\20201130_160721\\C:/Katalon/KatalonGitTestRepo1/Reports/Screenshots/LoginPageErrorMessage.png]]

2020-11-30 16:07:37 - [TEST_STEP][PASSED] - closeBrowser(): Browser is closed

2020-11-30 16:07:38 - [MESSAGE][PASSED] - Browser is closed]]></system-out>
         <system-err><![CDATA[]]></system-err>
      </testcase>
      <testcase name="Test Cases/Home Page Test Case" time="20.24" classname="Test Cases/Home Page Test Case" status="PASSED">
         <system-out><![CDATA[2020-11-30 16:07:38 - [TEST_CASE][PASSED] - Test Cases/Home Page Test Case: Test Cases/Home Page Test Case

2020-11-30 16:07:39 - [TEST_STEP][PASSED] - callTestCase(findTestCase("Login page"), [:], STOP_ON_FAILURE): Call Test Case 'Test Cases/Login page' successfully

2020-11-30 16:07:39 - [TEST_CASE][PASSED] - Test Cases/Login page: Test Cases/Login page

2020-11-30 16:07:39 - [TEST_STEP][PASSED] - openBrowser("http://sefdev.jdc.ao.dcn:8181/sef/#/login"): Browser is opened with url: 'http://sefdev.jdc.ao.dcn:8181/sef/#/login'

2020-11-30 16:07:39 - [MESSAGE][INFO] - Starting 'Chrome' driver

2020-11-30 16:07:39 - [MESSAGE][INFO] - User set preference: ['useAutomationExtension', 'false']

2020-11-30 16:07:39 - [MESSAGE][INFO] - Action delay is set to 0 milliseconds

2020-11-30 16:07:46 - [MESSAGE][PASSED] - Browser is opened with url: 'http://sefdev.jdc.ao.dcn:8181/sef/#/login'

2020-11-30 16:07:46 - [TEST_STEP][PASSED] - setText(findTestObject("Login Page/UserIDTextbox"), "DWARAKK"): Text 'DWARAKK' is set on object 'Object Repository/Login Page/UserIDTextbox'

2020-11-30 16:07:46 - [MESSAGE][PASSED] - Text 'DWARAKK' is set on object 'Object Repository/Login Page/UserIDTextbox'

2020-11-30 16:07:46 - [TEST_STEP][PASSED] - setText(findTestObject("Login Page/PasswordTextbox"), "limetree"): Text 'limetree' is set on object 'Object Repository/Login Page/PasswordTextbox'

2020-11-30 16:07:47 - [MESSAGE][PASSED] - Text 'limetree' is set on object 'Object Repository/Login Page/PasswordTextbox'

2020-11-30 16:07:47 - [TEST_STEP][PASSED] - click(findTestObject("Login Page/LoginButton")): Object: 'Object Repository/Login Page/LoginButton' is clicked on

2020-11-30 16:07:47 - [MESSAGE][PASSED] - Object: 'Object Repository/Login Page/LoginButton' is clicked on

2020-11-30 16:07:47 - [TEST_STEP][PASSED] - waitForPageLoad(10): Wait for page load successfully

2020-11-30 16:07:47 - [MESSAGE][PASSED] - Wait for page load successfully

2020-11-30 16:07:47 - [TEST_STEP][PASSED] - takeScreenshot("C:/Katalon/KatalonGitTestRepo1/Reports/Screenshots/Login_Page.png"): Taking screenshot successfully

2020-11-30 16:07:47 - [MESSAGE][PASSED] - Taking screenshot successfully
[[ATTACHMENT|C:\\Katalon\\KatalonGitTestRepo1\\Reports\\20201130_160720\\SEF Test Suite-1\\20201130_160721\\C:/Katalon/KatalonGitTestRepo1/Reports/Screenshots/Login_Page.png]]

2020-11-30 16:07:47 - [MESSAGE][PASSED] - Call Test Case 'Test Cases/Login page' successfully

2020-11-30 16:07:47 - [TEST_STEP][PASSED] - verifyElementText(findTestObject("Object Repository/Home Page/SEF Title"), "Statistics Electronic Forms (SEF)", CONTINUE_ON_FAILURE): Actual text and expected text of test object 'Object Repository/Home Page/SEF Title' are matched.

2020-11-30 16:07:47 - [MESSAGE][PASSED] - Actual text and expected text of test object 'Object Repository/Home Page/SEF Title' are matched.

2020-11-30 16:07:47 - [TEST_STEP][PASSED] - waitForPageLoad(10): Wait for page load successfully

2020-11-30 16:07:48 - [MESSAGE][PASSED] - Wait for page load successfully

2020-11-30 16:07:48 - [TEST_STEP][PASSED] - takeScreenshot("C:/Katalon/KatalonGitTestRepo1/Reports/Screenshots/Homepage.png"): Taking screenshot successfully

2020-11-30 16:07:48 - [MESSAGE][PASSED] - Taking screenshot successfully
[[ATTACHMENT|C:\\Katalon\\KatalonGitTestRepo1\\Reports\\20201130_160720\\SEF Test Suite-1\\20201130_160721\\C:/Katalon/KatalonGitTestRepo1/Reports/Screenshots/Homepage.png]]

2020-11-30 16:07:48 - [TEST_STEP][PASSED] - verifyElementText(findTestObject("Object Repository/Home Page/Court of Appeals/Court of Appeals"), "Courts of Appeals"): Actual text and expected text of test object 'Object Repository/Home Page/Court of Appeals/Court of Appeals' are matched.

2020-11-30 16:07:48 - [MESSAGE][PASSED] - Actual text and expected text of test object 'Object Repository/Home Page/Court of Appeals/Court of Appeals' are matched.

2020-11-30 16:07:48 - [TEST_STEP][PASSED] - click(findTestObject("Object Repository/Home Page/Help Link")): Object: 'Object Repository/Home Page/Help Link' is clicked on

2020-11-30 16:07:48 - [MESSAGE][PASSED] - Object: 'Object Repository/Home Page/Help Link' is clicked on

2020-11-30 16:07:48 - [TEST_STEP][PASSED] - click(findTestObject("Object Repository/Home Page/Blank Worksheet/JS-11")): Object: 'Object Repository/Home Page/Blank Worksheet/JS-11' is clicked on

2020-11-30 16:07:49 - [MESSAGE][PASSED] - Object: 'Object Repository/Home Page/Blank Worksheet/JS-11' is clicked on

2020-11-30 16:07:49 - [TEST_STEP][PASSED] - click(findTestObject("Object Repository/Home Page/Blank Worksheet/JS-11G")): Object: 'Object Repository/Home Page/Blank Worksheet/JS-11G' is clicked on

2020-11-30 16:07:49 - [MESSAGE][PASSED] - Object: 'Object Repository/Home Page/Blank Worksheet/JS-11G' is clicked on

2020-11-30 16:07:49 - [TEST_STEP][PASSED] - click(findTestObject("Object Repository/Home Page/Blank Worksheet/JS-30")): Object: 'Object Repository/Home Page/Blank Worksheet/JS-30' is clicked on

2020-11-30 16:07:50 - [MESSAGE][PASSED] - Object: 'Object Repository/Home Page/Blank Worksheet/JS-30' is clicked on

2020-11-30 16:07:50 - [TEST_STEP][PASSED] - click(findTestObject("Object Repository/Home Page/Blank Worksheet/JS-31")): Object: 'Object Repository/Home Page/Blank Worksheet/JS-31' is clicked on

2020-11-30 16:07:50 - [MESSAGE][PASSED] - Object: 'Object Repository/Home Page/Blank Worksheet/JS-31' is clicked on

2020-11-30 16:07:50 - [TEST_STEP][PASSED] - click(findTestObject("Object Repository/Home Page/Blank Worksheet/JS-46")): Object: 'Object Repository/Home Page/Blank Worksheet/JS-46' is clicked on

2020-11-30 16:07:51 - [MESSAGE][PASSED] - Object: 'Object Repository/Home Page/Blank Worksheet/JS-46' is clicked on

2020-11-30 16:07:51 - [TEST_STEP][PASSED] - click(findTestObject("Object Repository/Home Page/Blank Worksheet/B-102")): Object: 'Object Repository/Home Page/Blank Worksheet/B-102' is clicked on

2020-11-30 16:07:51 - [MESSAGE][PASSED] - Object: 'Object Repository/Home Page/Blank Worksheet/B-102' is clicked on

2020-11-30 16:07:51 - [TEST_STEP][PASSED] - click(findTestObject("Home Page/Court of Appeals/Appeals Monthly Summary (JS-30)")): Object: 'Object Repository/Home Page/Court of Appeals/Appeals Monthly Summary (JS-30)' is clicked on

2020-11-30 16:07:51 - [MESSAGE][PASSED] - Object: 'Object Repository/Home Page/Court of Appeals/Appeals Monthly Summary (JS-30)' is clicked on

2020-11-30 16:07:51 - [TEST_STEP][PASSED] - click(findTestObject("Object Repository/Home Page/Court of Appeals/Home icon")): Object: 'Object Repository/Home Page/Court of Appeals/Home icon' is clicked on

2020-11-30 16:07:52 - [MESSAGE][PASSED] - Object: 'Object Repository/Home Page/Court of Appeals/Home icon' is clicked on

2020-11-30 16:07:52 - [TEST_STEP][PASSED] - click(findTestObject("Home Page/Court of Appeals/Writs of Certiorari (JS-31)")): Object: 'Object Repository/Home Page/Court of Appeals/Writs of Certiorari (JS-31)' is clicked on

2020-11-30 16:07:53 - [MESSAGE][PASSED] - Object: 'Object Repository/Home Page/Court of Appeals/Writs of Certiorari (JS-31)' is clicked on

2020-11-30 16:07:53 - [TEST_STEP][PASSED] - click(findTestObject("Object Repository/Home Page/Court of Appeals/Home icon")): Object: 'Object Repository/Home Page/Court of Appeals/Home icon' is clicked on

2020-11-30 16:07:53 - [MESSAGE][PASSED] - Object: 'Object Repository/Home Page/Court of Appeals/Home icon' is clicked on

2020-11-30 16:07:53 - [TEST_STEP][PASSED] - click(findTestObject("Home Page/Court of Appeals/Report on Complaint Under Title 28 USC Section 351-364 (JS-60)")): Object: 'Object Repository/Home Page/Court of Appeals/Report on Complaint Under Title 28 USC Section 351-364 (JS-60)' is clicked on

2020-11-30 16:07:54 - [MESSAGE][PASSED] - Object: 'Object Repository/Home Page/Court of Appeals/Report on Complaint Under Title 28 USC Section 351-364 (JS-60)' is clicked on

2020-11-30 16:07:54 - [TEST_STEP][PASSED] - click(findTestObject("Object Repository/Home Page/Court of Appeals/Home icon")): Object: 'Object Repository/Home Page/Court of Appeals/Home icon' is clicked on

2020-11-30 16:07:54 - [MESSAGE][PASSED] - Object: 'Object Repository/Home Page/Court of Appeals/Home icon' is clicked on

2020-11-30 16:07:54 - [TEST_STEP][PASSED] - click(findTestObject("Home Page/District Courts/District Courts- Petit Jury (JS-11)")): Object: 'Object Repository/Home Page/District Courts/District Courts- Petit Jury (JS-11)' is clicked on

2020-11-30 16:07:54 - [MESSAGE][PASSED] - Object: 'Object Repository/Home Page/District Courts/District Courts- Petit Jury (JS-11)' is clicked on

2020-11-30 16:07:54 - [TEST_STEP][PASSED] - click(findTestObject("Object Repository/Home Page/Court of Appeals/Home icon")): Object: 'Object Repository/Home Page/Court of Appeals/Home icon' is clicked on

2020-11-30 16:07:54 - [MESSAGE][PASSED] - Object: 'Object Repository/Home Page/Court of Appeals/Home icon' is clicked on

2020-11-30 16:07:54 - [TEST_STEP][PASSED] - click(findTestObject("Home Page/District Courts/District Courts- Grand Jury (JS-11G)")): Object: 'Object Repository/Home Page/District Courts/District Courts- Grand Jury (JS-11G)' is clicked on

2020-11-30 16:07:55 - [MESSAGE][PASSED] - Object: 'Object Repository/Home Page/District Courts/District Courts- Grand Jury (JS-11G)' is clicked on

2020-11-30 16:07:55 - [TEST_STEP][PASSED] - click(findTestObject("Object Repository/Home Page/Court of Appeals/Home icon")): Object: 'Object Repository/Home Page/Court of Appeals/Home icon' is clicked on

2020-11-30 16:07:55 - [MESSAGE][PASSED] - Object: 'Object Repository/Home Page/Court of Appeals/Home icon' is clicked on

2020-11-30 16:07:55 - [TEST_STEP][PASSED] - click(findTestObject("Home Page/District Courts/District Courts- Three-Judge Court (JS-46)")): Object: 'Object Repository/Home Page/District Courts/District Courts- Three-Judge Court (JS-46)' is clicked on

2020-11-30 16:07:55 - [MESSAGE][PASSED] - Object: 'Object Repository/Home Page/District Courts/District Courts- Three-Judge Court (JS-46)' is clicked on

2020-11-30 16:07:55 - [TEST_STEP][PASSED] - click(findTestObject("Object Repository/Home Page/Court of Appeals/Home icon")): Object: 'Object Repository/Home Page/Court of Appeals/Home icon' is clicked on

2020-11-30 16:07:55 - [MESSAGE][PASSED] - Object: 'Object Repository/Home Page/Court of Appeals/Home icon' is clicked on

2020-11-30 16:07:55 - [TEST_STEP][PASSED] - click(findTestObject("Home Page/Bankruptcy/Bankruptcy Court Trials (B-102)")): Object: 'Object Repository/Home Page/Bankruptcy/Bankruptcy Court Trials (B-102)' is clicked on

2020-11-30 16:07:55 - [MESSAGE][PASSED] - Object: 'Object Repository/Home Page/Bankruptcy/Bankruptcy Court Trials (B-102)' is clicked on

2020-11-30 16:07:55 - [TEST_STEP][PASSED] - click(findTestObject("Object Repository/Home Page/Court of Appeals/Home icon")): Object: 'Object Repository/Home Page/Court of Appeals/Home icon' is clicked on

2020-11-30 16:07:56 - [MESSAGE][PASSED] - Object: 'Object Repository/Home Page/Court of Appeals/Home icon' is clicked on

2020-11-30 16:07:56 - [TEST_STEP][PASSED] - click(findTestObject("Object Repository/Home Page/User Administration Link")): Object: 'Object Repository/Home Page/User Administration Link' is clicked on

2020-11-30 16:07:56 - [MESSAGE][PASSED] - Object: 'Object Repository/Home Page/User Administration Link' is clicked on

2020-11-30 16:07:56 - [TEST_STEP][PASSED] - takeScreenshot("C:/Katalon/KatalonGitTestRepo1/Reports/Screenshots/UserAdminPage.png"): Taking screenshot successfully

2020-11-30 16:07:56 - [MESSAGE][PASSED] - Taking screenshot successfully
[[ATTACHMENT|C:\\Katalon\\KatalonGitTestRepo1\\Reports\\20201130_160720\\SEF Test Suite-1\\20201130_160721\\C:/Katalon/KatalonGitTestRepo1/Reports/Screenshots/UserAdminPage.png]]

2020-11-30 16:07:56 - [TEST_STEP][PASSED] - click(findTestObject("Object Repository/Home Page/Print")): Object: 'Object Repository/Home Page/Print' is clicked on

2020-11-30 16:07:56 - [MESSAGE][PASSED] - Object: 'Object Repository/Home Page/Print' is clicked on

2020-11-30 16:07:56 - [TEST_STEP][PASSED] - takeScreenshot("C:/Katalon/KatalonGitTestRepo1/Reports/Screenshots/UserAdminPage.png"): Taking screenshot successfully

2020-11-30 16:07:57 - [MESSAGE][PASSED] - Taking screenshot successfully
[[ATTACHMENT|C:\\Katalon\\KatalonGitTestRepo1\\Reports\\20201130_160720\\SEF Test Suite-1\\20201130_160721\\C:/Katalon/KatalonGitTestRepo1/Reports/Screenshots/UserAdminPage.png]]

2020-11-30 16:07:57 - [TEST_STEP][PASSED] - click(findTestObject("Object Repository/Home Page/Footer Link")): Object: 'Object Repository/Home Page/Footer Link' is clicked on

2020-11-30 16:07:57 - [MESSAGE][PASSED] - Object: 'Object Repository/Home Page/Footer Link' is clicked on

2020-11-30 16:07:57 - [TEST_STEP][PASSED] - click(findTestObject("Object Repository/Home Page/Logout Link")): Object: 'Object Repository/Home Page/Logout Link' is clicked on

2020-11-30 16:07:58 - [MESSAGE][PASSED] - Object: 'Object Repository/Home Page/Logout Link' is clicked on

2020-11-30 16:07:58 - [TEST_STEP][PASSED] - closeBrowser(): Browser is closed

2020-11-30 16:07:59 - [MESSAGE][PASSED] - Browser is closed]]></system-out>
         <system-err><![CDATA[]]></system-err>
      </testcase>
      <system-out><![CDATA[2020-11-30 16:07:25 - [TEST_SUITE][PASSED] - SEF Test Suite-1: Test Cases/Home Page Test Case]]></system-out>
      <system-err><![CDATA[]]></system-err>
   </testsuite>
</testsuites>
